<?xml version="1.0" encoding="UTF-8"?>
<!-- Generated by org.testng.reporters.JUnitXMLReporter -->
<testsuite hostname="Ns-MacBook-Pro.local" ignored="0" name="Default test" tests="3" failures="0" timestamp="12 Sep 2018 18:27:37 GMT" time="27.33" errors="0">
  <testcase name="getTextFromElement" time="0.008" classname="lab.Main"/>
  <testcase name="checkBoxWithJavascriptExecutor" time="3.412" classname="lab.Main"/>
  <testcase name="radioButton" time="16.753" classname="lab.Main"/>
</testsuite> <!-- Default test -->
