<?xml version="1.0" encoding="UTF-8"?>
<!-- Generated by org.testng.reporters.JUnitXMLReporter -->
<testsuite hostname="Ns-MacBook-Pro.local" ignored="0" name="Test" tests="3" failures="0" timestamp="12 Sep 2018 18:38:02 GMT" time="15.065" errors="0">
  <testcase name="getTextFromElement" time="0.0" classname="lab.Main"/>
  <testcase name="checkBoxWithJavascriptExecutor" time="5.006" classname="lab.Main"/>
  <testcase name="radioButton" time="1.8" classname="lab.Main"/>
</testsuite> <!-- Test -->
