<?xml version="1.0" encoding="UTF-8"?>
<testng-results skipped="0" failed="0" ignored="0" total="3" passed="3">
  <reporter-output>
  </reporter-output>
  <suite name="Suite" duration-ms="12497" started-at="2018-09-12T20:02:42Z" finished-at="2018-09-12T20:02:54Z">
    <groups>
    </groups>
    <test name="Test" duration-ms="12497" started-at="2018-09-12T20:02:42Z" finished-at="2018-09-12T20:02:54Z">
      <class name="lab.Main">
        <test-method status="PASS" signature="setUp()[pri:0, instance:lab.Main@dfd3711]" name="setUp" is-config="true" duration-ms="6898" started-at="2018-09-12T16:02:42Z" finished-at="2018-09-12T16:02:49Z">
          <reporter-output>
          </reporter-output>
        </test-method> <!-- setUp -->
        <test-method status="PASS" signature="getTextFromElement()[pri:0, instance:lab.Main@dfd3711]" name="getTextFromElement" duration-ms="1" started-at="2018-09-12T16:02:49Z" finished-at="2018-09-12T16:02:49Z">
          <reporter-output>
          </reporter-output>
        </test-method> <!-- getTextFromElement -->
        <test-method status="PASS" signature="checkBoxWithJavascriptExecutor()[pri:10, instance:lab.Main@dfd3711]" name="checkBoxWithJavascriptExecutor" duration-ms="3535" started-at="2018-09-12T16:02:49Z" finished-at="2018-09-12T16:02:52Z">
          <reporter-output>
          </reporter-output>
        </test-method> <!-- checkBoxWithJavascriptExecutor -->
        <test-method status="PASS" signature="radioButton()[pri:20, instance:lab.Main@dfd3711]" name="radioButton" duration-ms="1942" started-at="2018-09-12T16:02:52Z" finished-at="2018-09-12T16:02:54Z">
          <reporter-output>
          </reporter-output>
        </test-method> <!-- radioButton -->
        <test-method status="PASS" signature="shutDown()[pri:0, instance:lab.Main@dfd3711]" name="shutDown" is-config="true" duration-ms="97" started-at="2018-09-12T16:02:54Z" finished-at="2018-09-12T16:02:54Z">
          <reporter-output>
          </reporter-output>
        </test-method> <!-- shutDown -->
      </class> <!-- lab.Main -->
    </test> <!-- Test -->
  </suite> <!-- Suite -->
</testng-results>
