<?xml version="1.0" encoding="UTF-8"?>
<testng-results skipped="0" failed="0" ignored="0" total="3" passed="3">
  <reporter-output>
  </reporter-output>
  <suite name="Default suite" duration-ms="11316" started-at="2018-09-12T21:19:55Z" finished-at="2018-09-12T21:20:07Z">
    <groups>
    </groups>
    <test name="Default test" duration-ms="11316" started-at="2018-09-12T21:19:55Z" finished-at="2018-09-12T21:20:07Z">
      <class name="lab.Main">
        <test-method status="PASS" signature="setUp()[pri:0, instance:lab.Main@26be92ad]" name="setUp" is-config="true" duration-ms="6154" started-at="2018-09-12T17:19:55Z" finished-at="2018-09-12T17:20:01Z">
          <reporter-output>
          </reporter-output>
        </test-method> <!-- setUp -->
        <test-method status="PASS" signature="getTextFromElement()[pri:0, instance:lab.Main@26be92ad]" name="getTextFromElement" duration-ms="11" started-at="2018-09-12T17:20:01Z" finished-at="2018-09-12T17:20:01Z">
          <reporter-output>
          </reporter-output>
        </test-method> <!-- getTextFromElement -->
        <test-method status="PASS" signature="checkBoxWithJavascriptExecutor()[pri:10, instance:lab.Main@26be92ad]" name="checkBoxWithJavascriptExecutor" duration-ms="3145" started-at="2018-09-12T17:20:01Z" finished-at="2018-09-12T17:20:05Z">
          <reporter-output>
          </reporter-output>
        </test-method> <!-- checkBoxWithJavascriptExecutor -->
        <test-method status="PASS" signature="radioButton()[pri:20, instance:lab.Main@26be92ad]" name="radioButton" duration-ms="1869" started-at="2018-09-12T17:20:05Z" finished-at="2018-09-12T17:20:06Z">
          <reporter-output>
          </reporter-output>
        </test-method> <!-- radioButton -->
        <test-method status="PASS" signature="shutDown()[pri:0, instance:lab.Main@26be92ad]" name="shutDown" is-config="true" duration-ms="92" started-at="2018-09-12T17:20:06Z" finished-at="2018-09-12T17:20:07Z">
          <reporter-output>
          </reporter-output>
        </test-method> <!-- shutDown -->
      </class> <!-- lab.Main -->
    </test> <!-- Default test -->
  </suite> <!-- Default suite -->
</testng-results>
